This is pdfTeX, Version 3.14159265-2.6-1.40.21 (MiKTeX 20.11) (preloaded format=pdflatex 2021.3.8)  8 MAR 2021 18:01
entering extended mode
**./script.tex
(script.tex
LaTeX2e <2020-10-01> patch level 2
L3 programming layer <2020-10-27> xparse <2020-03-03>
("C:\Users\Quang Minh\AppData\Local\Programs\MiKTeX\tex/latex/screenplay\screen
play.cls"
Document Class: screenplay 2012/06/30 v1.6 LaTeX2e Draft Screenplay document cl
ass (C)2006 John Pate released under the GNU General Public License
("C:\Users\Quang Minh\AppData\Local\Programs\MiKTeX\tex/latex/base\ifthen.sty"
Package: ifthen 2014/09/29 v1.1c Standard LaTeX ifthen package (DPC)
) ("C:\Users\Quang Minh\AppData\Local\Programs\MiKTeX\tex/latex/base\article.cl
s"
Document Class: article 2020/04/10 v1.4m Standard LaTeX document class
("C:\Users\Quang Minh\AppData\Local\Programs\MiKTeX\tex/latex/base\size12.clo"
File: size12.clo 2020/04/10 v1.4m Standard LaTeX file (size option)
)
\c@part=\count175
\c@section=\count176
\c@subsection=\count177
\c@subsubsection=\count178
\c@paragraph=\count179
\c@subparagraph=\count180
\c@figure=\count181
\c@table=\count182
\abovecaptionskip=\skip47
\belowcaptionskip=\skip48
\bibindent=\dimen138
)
("C:\Users\Quang Minh\AppData\Local\Programs\MiKTeX\tex/latex/geometry\geometry
.sty"
Package: geometry 2020/01/02 v5.9 Page Geometry

("C:\Users\Quang Minh\AppData\Local\Programs\MiKTeX\tex/latex/graphics\keyval.s
ty"
Package: keyval 2014/10/28 v1.15 key=value parser (DPC)
\KV@toks@=\toks15
)
("C:\Users\Quang Minh\AppData\Local\Programs\MiKTeX\tex/generic/iftex\ifvtex.st
y"
Package: ifvtex 2019/10/25 v1.7 ifvtex legacy package. Use iftex instead.

("C:\Users\Quang Minh\AppData\Local\Programs\MiKTeX\tex/generic/iftex\iftex.sty
"
Package: iftex 2020/03/06 v1.0d TeX engine tests
))
\Gm@cnth=\count183
\Gm@cntv=\count184
\c@Gm@tempcnt=\count185
\Gm@bindingoffset=\dimen139
\Gm@wd@mp=\dimen140
\Gm@odd@mp=\dimen141
\Gm@even@mp=\dimen142
\Gm@layoutwidth=\dimen143
\Gm@layoutheight=\dimen144
\Gm@layouthoffset=\dimen145
\Gm@layoutvoffset=\dimen146
\Gm@dimlist=\toks16

("C:\Users\Quang Minh\AppData\Local\Programs\MiKTeX\tex/latex/geometry\geometry
.cfg"))
("C:\Users\Quang Minh\AppData\Local\Programs\MiKTeX\tex/latex/psnfss\courier.st
y"
Package: courier 2020/03/25 PSNFSS-v9.3 (WaS) 
)
\widthgutter=\skip49
\dialwidth=\skip50
\dialgutter=\skip51
\parenwidth=\skip52
\titheadskip=\skip53
\titskip=\skip54
\addrwidth=\skip55
\addrseplen=\skip56
)
LaTeX Font Info:    Trying to load font information for OT1+pcr on input line 3
.

("C:\Users\Quang Minh\AppData\Local\Programs\MiKTeX\tex/latex/psnfss\ot1pcr.fd"
File: ot1pcr.fd 2001/06/04 font definitions for OT1/pcr.
)
("C:\Users\Quang Minh\AppData\Local\Programs\MiKTeX\tex/latex/l3backend\l3backe
nd-pdftex.def"
File: l3backend-pdftex.def 2020-09-24 L3 backend support: PDF output (pdfTeX)
\l__kernel_color_stack_int=\count186
\l__pdf_internal_box=\box47
) (script.aux)
\openout1 = `script.aux'.

LaTeX Font Info:    Checking defaults for OML/cmm/m/it on input line 3.
LaTeX Font Info:    ... okay on input line 3.
LaTeX Font Info:    Checking defaults for OMS/cmsy/m/n on input line 3.
LaTeX Font Info:    ... okay on input line 3.
LaTeX Font Info:    Checking defaults for OT1/cmr/m/n on input line 3.
LaTeX Font Info:    ... okay on input line 3.
LaTeX Font Info:    Checking defaults for T1/cmr/m/n on input line 3.
LaTeX Font Info:    ... okay on input line 3.
LaTeX Font Info:    Checking defaults for TS1/cmr/m/n on input line 3.
LaTeX Font Info:    ... okay on input line 3.
LaTeX Font Info:    Checking defaults for OMX/cmex/m/n on input line 3.
LaTeX Font Info:    ... okay on input line 3.
LaTeX Font Info:    Checking defaults for U/cmr/m/n on input line 3.
LaTeX Font Info:    ... okay on input line 3.

*geometry* detected driver: dvips
*geometry* verbose mode - [ preamble ] result:
* driver: dvips
* paper: letterpaper
* layout: <same size as paper>
* layoutoffset:(h,v)=(0.0pt,0.0pt)
* modes: 
* h-part:(L,W,R)=(92.14519pt, 430.00462pt, 92.14519pt)
* v-part:(T,H,B)=(95.39737pt, 556.47656pt, 143.09605pt)
* \paperwidth=614.295pt
* \paperheight=794.96999pt
* \textwidth=440.84743pt
* \textheight=686.56499pt
* \oddsidemargin=36.135pt
* \evensidemargin=36.135pt
* \topmargin=-36.135pt
* \headheight=12.0pt
* \headsep=28.90755pt
* \topskip=0.0pt
* \footskip=30.0pt
* \marginparwidth=44.0pt
* \marginparsep=10.0pt
* \columnsep=10.0pt
* \skip\footins=10.8pt plus 4.0pt minus 2.0pt
* \hoffset=0.0pt
* \voffset=0.0pt
* \mag=1000
* \@twocolumnfalse
* \@twosidefalse
* \@mparswitchfalse
* \@reversemarginfalse
* (1in=72.27pt=25.4mm, 1cm=28.453pt)

[1
Non-PDF special ignored!
<special> papersize=614.295pt,794.96999pt
{C:/Users/Quang Minh/AppData/Local/MiKTeX/pdftex/config/pdftex.map}

] [2]
[3] (script.aux) ) 
Here is how much of TeX's memory you used:
 1108 strings out of 479798
 17875 string characters out of 2867293
 293338 words of memory out of 3000000
 18147 multiletter control sequences out of 15000+200000
 536156 words of font info for 33 fonts, out of 3000000 for 9000
 1141 hyphenation exceptions out of 8191
 79i,5n,85p,251b,139s stack positions out of 5000i,500n,10000p,200000b,50000s
{C:/Users/Quang Minh/AppData/Local/Programs/MiKTeX/fonts/enc/
dvips/base/8r.enc}<C:/Users/Quang Minh/AppData/Local/Programs/MiKTeX/fonts/type
1/urw/courier/ucrr8a.pfb>
Output written on script.pdf (3 pages, 21396 bytes).
PDF statistics:
 17 PDF objects out of 1000 (max. 8388607)
 0 named destinations out of 1000 (max. 500000)
 1 words of extra memory for PDF output out of 10000 (max. 10000000)

